2022-11-17 08:09:18,108[INFO] testing.demo.DemoApplication [main] Starting DemoApplication using Java 1.8.0_311 on Praveens-MacBook-Air.local with PID 37696 (/Users/praveenvarma/Documents/demo 4/target/classes started by praveenvarma in /Users/praveenvarma/Documents/demo 4)
2022-11-17 08:09:18,114[INFO] testing.demo.DemoApplication [main] No active profile set, falling back to 1 default profile: "default"
2022-11-17 08:09:18,840[INFO] org.springframework.data.repository.config.RepositoryConfigurationDelegate [main] Bootstrapping Spring Data JPA repositories in DEFAULT mode.
2022-11-17 08:09:18,891[INFO] org.springframework.data.repository.config.RepositoryConfigurationDelegate [main] Finished Spring Data repository scanning in 45 ms. Found 1 JPA repository interfaces.
2022-11-17 08:09:19,370[INFO] org.springframework.boot.web.embedded.tomcat.TomcatWebServer [main] Tomcat initialized with port(s): 8080 (http)
2022-11-17 08:09:19,378[INFO] org.apache.catalina.core.StandardService [main] Starting service [Tomcat]
2022-11-17 08:09:19,379[INFO] org.apache.catalina.core.StandardEngine [main] Starting Servlet engine: [Apache Tomcat/9.0.65]
2022-11-17 08:09:19,650[INFO] org.apache.catalina.core.ContainerBase.[Tomcat].[localhost].[/] [main] Initializing Spring embedded WebApplicationContext
2022-11-17 08:09:19,653[INFO] org.springframework.boot.web.servlet.context.ServletWebServerApplicationContext [main] Root WebApplicationContext: initialization completed in 1484 ms
2022-11-17 08:09:19,823[INFO] org.hibernate.jpa.internal.util.LogHelper [main] HHH000204: Processing PersistenceUnitInfo [name: default]
2022-11-17 08:09:19,913[INFO] org.hibernate.Version [main] HHH000412: Hibernate ORM core version 5.6.11.Final
2022-11-17 08:09:20,038[INFO] org.hibernate.annotations.common.Version [main] HCANN000001: Hibernate Commons Annotations {5.1.2.Final}
2022-11-17 08:09:20,093[INFO] com.zaxxer.hikari.HikariDataSource [main] HikariPool-1 - Starting...
2022-11-17 08:09:20,541[INFO] com.zaxxer.hikari.HikariDataSource [main] HikariPool-1 - Start completed.
2022-11-17 08:09:20,564[INFO] org.hibernate.dialect.Dialect [main] HHH000400: Using dialect: org.hibernate.dialect.MySQL8Dialect
2022-11-17 08:09:21,034[INFO] org.hibernate.engine.transaction.jta.platform.internal.JtaPlatformInitiator [main] HHH000490: Using JtaPlatform implementation: [org.hibernate.engine.transaction.jta.platform.internal.NoJtaPlatform]
2022-11-17 08:09:21,041[INFO] org.springframework.orm.jpa.LocalContainerEntityManagerFactoryBean [main] Initialized JPA EntityManagerFactory for persistence unit 'default'
2022-11-17 08:09:21,331[WARN] org.springframework.boot.autoconfigure.orm.jpa.JpaBaseConfiguration$JpaWebConfiguration [main] spring.jpa.open-in-view is enabled by default. Therefore, database queries may be performed during view rendering. Explicitly configure spring.jpa.open-in-view to disable this warning
2022-11-17 08:09:21,789[INFO] org.springframework.boot.web.embedded.tomcat.TomcatWebServer [main] Tomcat started on port(s): 8080 (http) with context path ''
2022-11-17 08:09:21,811[INFO] testing.demo.DemoApplication [main] Started DemoApplication in 4.135 seconds (JVM running for 5.251)
2022-11-17 08:10:28,241[INFO] org.apache.catalina.core.ContainerBase.[Tomcat].[localhost].[/] [http-nio-8080-exec-1] Initializing Spring DispatcherServlet 'dispatcherServlet'
2022-11-17 08:10:28,242[INFO] org.springframework.web.servlet.DispatcherServlet [http-nio-8080-exec-1] Initializing Servlet 'dispatcherServlet'
2022-11-17 08:10:28,248[INFO] org.springframework.web.servlet.DispatcherServlet [http-nio-8080-exec-1] Completed initialization in 5 ms
2022-11-17 08:21:31,591[INFO] org.springframework.boot.admin.SpringApplicationAdminMXBeanRegistrar$SpringApplicationAdmin [RMI TCP Connection(14)-127.0.0.1] Application shutdown requested.
2022-11-17 08:21:31,637[INFO] org.apache.catalina.core.StandardService [RMI TCP Connection(14)-127.0.0.1] Stopping service [Tomcat]
2022-11-17 08:21:31,642[INFO] org.apache.catalina.core.ContainerBase.[Tomcat].[localhost].[/] [RMI TCP Connection(14)-127.0.0.1] Destroying Spring FrameworkServlet 'dispatcherServlet'
2022-11-17 08:21:31,684[INFO] org.springframework.orm.jpa.LocalContainerEntityManagerFactoryBean [RMI TCP Connection(14)-127.0.0.1] Closing JPA EntityManagerFactory for persistence unit 'default'
2022-11-17 08:21:31,693[INFO] com.zaxxer.hikari.HikariDataSource [RMI TCP Connection(14)-127.0.0.1] HikariPool-1 - Shutdown initiated...
2022-11-17 08:21:31,709[INFO] com.zaxxer.hikari.HikariDataSource [RMI TCP Connection(14)-127.0.0.1] HikariPool-1 - Shutdown completed.
2022-11-17 18:18:30,971[INFO] testing.demo.DemoApplication [main] Starting DemoApplication using Java 18.0.1.1 on Praveens-MacBook-Air.local with PID 42251 (/Users/praveenvarma/Documents/demo 4/target/classes started by praveenvarma in /Users/praveenvarma/Documents/demo 4)
2022-11-17 18:18:30,973[INFO] testing.demo.DemoApplication [main] No active profile set, falling back to 1 default profile: "default"
2022-11-17 18:18:31,229[INFO] org.springframework.data.repository.config.RepositoryConfigurationDelegate [main] Bootstrapping Spring Data JPA repositories in DEFAULT mode.
2022-11-17 18:18:31,250[INFO] org.springframework.data.repository.config.RepositoryConfigurationDelegate [main] Finished Spring Data repository scanning in 16 ms. Found 1 JPA repository interfaces.
2022-11-17 18:18:31,493[INFO] org.springframework.boot.web.embedded.tomcat.TomcatWebServer [main] Tomcat initialized with port(s): 8080 (http)
2022-11-17 18:18:31,498[INFO] org.apache.catalina.core.StandardService [main] Starting service [Tomcat]
2022-11-17 18:18:31,498[INFO] org.apache.catalina.core.StandardEngine [main] Starting Servlet engine: [Apache Tomcat/9.0.65]
2022-11-17 18:18:31,555[INFO] org.apache.catalina.core.ContainerBase.[Tomcat].[localhost].[/] [main] Initializing Spring embedded WebApplicationContext
2022-11-17 18:18:31,555[INFO] org.springframework.boot.web.servlet.context.ServletWebServerApplicationContext [main] Root WebApplicationContext: initialization completed in 563 ms
2022-11-17 18:18:31,690[INFO] org.hibernate.jpa.internal.util.LogHelper [main] HHH000204: Processing PersistenceUnitInfo [name: default]
2022-11-17 18:18:31,720[INFO] org.hibernate.Version [main] HHH000412: Hibernate ORM core version 5.6.11.Final
2022-11-17 18:18:31,798[INFO] org.hibernate.annotations.common.Version [main] HCANN000001: Hibernate Commons Annotations {5.1.2.Final}
2022-11-17 18:18:31,852[INFO] com.zaxxer.hikari.HikariDataSource [main] HikariPool-1 - Starting...
2022-11-17 18:18:32,179[INFO] com.zaxxer.hikari.HikariDataSource [main] HikariPool-1 - Start completed.
2022-11-17 18:18:32,196[INFO] org.hibernate.dialect.Dialect [main] HHH000400: Using dialect: org.hibernate.dialect.MySQL8Dialect
2022-11-17 18:18:32,508[INFO] org.hibernate.engine.transaction.jta.platform.internal.JtaPlatformInitiator [main] HHH000490: Using JtaPlatform implementation: [org.hibernate.engine.transaction.jta.platform.internal.NoJtaPlatform]
2022-11-17 18:18:32,513[INFO] org.springframework.orm.jpa.LocalContainerEntityManagerFactoryBean [main] Initialized JPA EntityManagerFactory for persistence unit 'default'
2022-11-17 18:18:32,639[WARN] org.springframework.boot.autoconfigure.orm.jpa.JpaBaseConfiguration$JpaWebConfiguration [main] spring.jpa.open-in-view is enabled by default. Therefore, database queries may be performed during view rendering. Explicitly configure spring.jpa.open-in-view to disable this warning
2022-11-17 18:18:32,787[INFO] org.springframework.boot.web.embedded.tomcat.TomcatWebServer [main] Tomcat started on port(s): 8080 (http) with context path ''
2022-11-17 18:18:32,791[INFO] testing.demo.DemoApplication [main] Started DemoApplication in 1.973 seconds (JVM running for 2.372)
2022-11-17 18:19:36,841[INFO] org.apache.catalina.core.ContainerBase.[Tomcat].[localhost].[/] [http-nio-8080-exec-1] Initializing Spring DispatcherServlet 'dispatcherServlet'
2022-11-17 18:19:36,842[INFO] org.springframework.web.servlet.DispatcherServlet [http-nio-8080-exec-1] Initializing Servlet 'dispatcherServlet'
2022-11-17 18:19:36,844[INFO] org.springframework.web.servlet.DispatcherServlet [http-nio-8080-exec-1] Completed initialization in 2 ms
2022-11-17 18:20:49,683[INFO] org.springframework.orm.jpa.LocalContainerEntityManagerFactoryBean [SpringApplicationShutdownHook] Closing JPA EntityManagerFactory for persistence unit 'default'
2022-11-17 18:20:49,685[INFO] com.zaxxer.hikari.HikariDataSource [SpringApplicationShutdownHook] HikariPool-1 - Shutdown initiated...
2022-11-17 18:20:49,689[INFO] com.zaxxer.hikari.HikariDataSource [SpringApplicationShutdownHook] HikariPool-1 - Shutdown completed.
2022-11-17 18:20:51,893[INFO] testing.demo.DemoApplication [main] Starting DemoApplication using Java 18.0.1.1 on Praveens-MacBook-Air.local with PID 42311 (/Users/praveenvarma/Documents/demo 4/target/classes started by praveenvarma in /Users/praveenvarma/Documents/demo 4)
2022-11-17 18:20:51,894[INFO] testing.demo.DemoApplication [main] No active profile set, falling back to 1 default profile: "default"
2022-11-17 18:20:52,155[INFO] org.springframework.data.repository.config.RepositoryConfigurationDelegate [main] Bootstrapping Spring Data JPA repositories in DEFAULT mode.
2022-11-17 18:20:52,172[INFO] org.springframework.data.repository.config.RepositoryConfigurationDelegate [main] Finished Spring Data repository scanning in 13 ms. Found 1 JPA repository interfaces.
2022-11-17 18:20:52,372[INFO] org.springframework.boot.web.embedded.tomcat.TomcatWebServer [main] Tomcat initialized with port(s): 8081 (http)
2022-11-17 18:20:52,377[INFO] org.apache.catalina.core.StandardService [main] Starting service [Tomcat]
2022-11-17 18:20:52,377[INFO] org.apache.catalina.core.StandardEngine [main] Starting Servlet engine: [Apache Tomcat/9.0.65]
2022-11-17 18:20:52,415[INFO] org.apache.catalina.core.ContainerBase.[Tomcat].[localhost].[/] [main] Initializing Spring embedded WebApplicationContext
2022-11-17 18:20:52,416[INFO] org.springframework.boot.web.servlet.context.ServletWebServerApplicationContext [main] Root WebApplicationContext: initialization completed in 498 ms
2022-11-17 18:20:52,488[INFO] org.hibernate.jpa.internal.util.LogHelper [main] HHH000204: Processing PersistenceUnitInfo [name: default]
2022-11-17 18:20:52,505[INFO] org.hibernate.Version [main] HHH000412: Hibernate ORM core version 5.6.11.Final
2022-11-17 18:20:52,562[INFO] org.hibernate.annotations.common.Version [main] HCANN000001: Hibernate Commons Annotations {5.1.2.Final}
2022-11-17 18:20:52,596[INFO] com.zaxxer.hikari.HikariDataSource [main] HikariPool-1 - Starting...
2022-11-17 18:20:52,764[INFO] com.zaxxer.hikari.HikariDataSource [main] HikariPool-1 - Start completed.
2022-11-17 18:20:52,776[INFO] org.hibernate.dialect.Dialect [main] HHH000400: Using dialect: org.hibernate.dialect.MySQL8Dialect
2022-11-17 18:20:53,003[INFO] org.hibernate.engine.transaction.jta.platform.internal.JtaPlatformInitiator [main] HHH000490: Using JtaPlatform implementation: [org.hibernate.engine.transaction.jta.platform.internal.NoJtaPlatform]
2022-11-17 18:20:53,008[INFO] org.springframework.orm.jpa.LocalContainerEntityManagerFactoryBean [main] Initialized JPA EntityManagerFactory for persistence unit 'default'
2022-11-17 18:20:53,119[WARN] org.springframework.boot.autoconfigure.orm.jpa.JpaBaseConfiguration$JpaWebConfiguration [main] spring.jpa.open-in-view is enabled by default. Therefore, database queries may be performed during view rendering. Explicitly configure spring.jpa.open-in-view to disable this warning
2022-11-17 18:20:53,253[INFO] org.springframework.boot.web.embedded.tomcat.TomcatWebServer [main] Tomcat started on port(s): 8081 (http) with context path ''
2022-11-17 18:20:53,258[INFO] testing.demo.DemoApplication [main] Started DemoApplication in 1.789 seconds (JVM running for 2.611)
2022-11-17 18:21:05,744[INFO] org.apache.catalina.core.ContainerBase.[Tomcat].[localhost].[/] [http-nio-8081-exec-1] Initializing Spring DispatcherServlet 'dispatcherServlet'
2022-11-17 18:21:05,744[INFO] org.springframework.web.servlet.DispatcherServlet [http-nio-8081-exec-1] Initializing Servlet 'dispatcherServlet'
2022-11-17 18:21:05,745[INFO] org.springframework.web.servlet.DispatcherServlet [http-nio-8081-exec-1] Completed initialization in 1 ms
