2022-10-23 10:26:41,847[INFO] testing.demo.DemoApplication [main] Starting DemoApplication using Java 1.8.0_311 on Praveens-MacBook-Air.local with PID 71157 (/Users/praveenvarma/Documents/demo 4/target/classes started by praveenvarma in /Users/praveenvarma/Documents/demo 4)
2022-10-23 10:26:41,849[INFO] testing.demo.DemoApplication [main] No active profile set, falling back to 1 default profile: "default"
2022-10-23 10:26:42,514[INFO] org.springframework.data.repository.config.RepositoryConfigurationDelegate [main] Bootstrapping Spring Data JPA repositories in DEFAULT mode.
2022-10-23 10:26:42,561[INFO] org.springframework.data.repository.config.RepositoryConfigurationDelegate [main] Finished Spring Data repository scanning in 41 ms. Found 1 JPA repository interfaces.
2022-10-23 10:26:43,034[INFO] org.springframework.boot.web.embedded.tomcat.TomcatWebServer [main] Tomcat initialized with port(s): 8080 (http)
2022-10-23 10:26:43,041[INFO] org.apache.catalina.core.StandardService [main] Starting service [Tomcat]
2022-10-23 10:26:43,041[INFO] org.apache.catalina.core.StandardEngine [main] Starting Servlet engine: [Apache Tomcat/9.0.65]
2022-10-23 10:26:43,199[INFO] org.apache.catalina.core.ContainerBase.[Tomcat].[localhost].[/] [main] Initializing Spring embedded WebApplicationContext
2022-10-23 10:26:43,199[INFO] org.springframework.boot.web.servlet.context.ServletWebServerApplicationContext [main] Root WebApplicationContext: initialization completed in 1308 ms
2022-10-23 10:26:43,357[INFO] org.hibernate.jpa.internal.util.LogHelper [main] HHH000204: Processing PersistenceUnitInfo [name: default]
2022-10-23 10:26:43,439[INFO] org.hibernate.Version [main] HHH000412: Hibernate ORM core version 5.6.11.Final
2022-10-23 10:26:43,555[INFO] org.hibernate.annotations.common.Version [main] HCANN000001: Hibernate Commons Annotations {5.1.2.Final}
2022-10-23 10:26:43,605[INFO] com.zaxxer.hikari.HikariDataSource [main] HikariPool-1 - Starting...
2022-10-23 10:26:43,929[INFO] com.zaxxer.hikari.HikariDataSource [main] HikariPool-1 - Start completed.
2022-10-23 10:26:43,948[INFO] org.hibernate.dialect.Dialect [main] HHH000400: Using dialect: org.hibernate.dialect.MySQL8Dialect
2022-10-23 10:26:44,341[INFO] org.hibernate.engine.transaction.jta.platform.internal.JtaPlatformInitiator [main] HHH000490: Using JtaPlatform implementation: [org.hibernate.engine.transaction.jta.platform.internal.NoJtaPlatform]
2022-10-23 10:26:44,347[INFO] org.springframework.orm.jpa.LocalContainerEntityManagerFactoryBean [main] Initialized JPA EntityManagerFactory for persistence unit 'default'
2022-10-23 10:26:44,631[WARN] org.springframework.boot.autoconfigure.orm.jpa.JpaBaseConfiguration$JpaWebConfiguration [main] spring.jpa.open-in-view is enabled by default. Therefore, database queries may be performed during view rendering. Explicitly configure spring.jpa.open-in-view to disable this warning
2022-10-23 10:26:45,126[WARN] org.springframework.boot.web.servlet.context.AnnotationConfigServletWebServerApplicationContext [main] Exception encountered during context initialization - cancelling refresh attempt: org.springframework.context.ApplicationContextException: Failed to start bean 'webServerStartStop'; nested exception is org.springframework.boot.web.server.PortInUseException: Port 8080 is already in use
2022-10-23 10:26:45,128[INFO] org.springframework.orm.jpa.LocalContainerEntityManagerFactoryBean [main] Closing JPA EntityManagerFactory for persistence unit 'default'
2022-10-23 10:26:45,129[INFO] com.zaxxer.hikari.HikariDataSource [main] HikariPool-1 - Shutdown initiated...
2022-10-23 10:26:45,135[INFO] com.zaxxer.hikari.HikariDataSource [main] HikariPool-1 - Shutdown completed.
2022-10-23 10:26:45,137[INFO] org.apache.catalina.core.StandardService [main] Stopping service [Tomcat]
2022-10-23 10:26:45,151[INFO] org.springframework.boot.autoconfigure.logging.ConditionEvaluationReportLoggingListener [main] 

Error starting ApplicationContext. To display the conditions report re-run your application with 'debug' enabled.
2022-10-23 10:26:45,167[ERROR] org.springframework.boot.diagnostics.LoggingFailureAnalysisReporter [main] 

***************************
APPLICATION FAILED TO START
***************************

Description:

Web server failed to start. Port 8080 was already in use.

Action:

Identify and stop the process that's listening on port 8080 or configure this application to listen on another port.

2022-10-23 10:26:55,658[INFO] testing.demo.DemoApplication [main] Starting DemoApplication using Java 1.8.0_311 on Praveens-MacBook-Air.local with PID 71162 (/Users/praveenvarma/Documents/demo 4/target/classes started by praveenvarma in /Users/praveenvarma/Documents/demo 4)
2022-10-23 10:26:55,660[INFO] testing.demo.DemoApplication [main] No active profile set, falling back to 1 default profile: "default"
2022-10-23 10:26:56,274[INFO] org.springframework.data.repository.config.RepositoryConfigurationDelegate [main] Bootstrapping Spring Data JPA repositories in DEFAULT mode.
2022-10-23 10:26:56,353[INFO] org.springframework.data.repository.config.RepositoryConfigurationDelegate [main] Finished Spring Data repository scanning in 73 ms. Found 1 JPA repository interfaces.
2022-10-23 10:26:56,826[INFO] org.springframework.boot.web.embedded.tomcat.TomcatWebServer [main] Tomcat initialized with port(s): 8080 (http)
2022-10-23 10:26:56,833[INFO] org.apache.catalina.core.StandardService [main] Starting service [Tomcat]
2022-10-23 10:26:56,834[INFO] org.apache.catalina.core.StandardEngine [main] Starting Servlet engine: [Apache Tomcat/9.0.65]
2022-10-23 10:26:56,963[INFO] org.apache.catalina.core.ContainerBase.[Tomcat].[localhost].[/] [main] Initializing Spring embedded WebApplicationContext
2022-10-23 10:26:56,963[INFO] org.springframework.boot.web.servlet.context.ServletWebServerApplicationContext [main] Root WebApplicationContext: initialization completed in 1264 ms
2022-10-23 10:26:57,154[INFO] org.hibernate.jpa.internal.util.LogHelper [main] HHH000204: Processing PersistenceUnitInfo [name: default]
2022-10-23 10:26:57,234[INFO] org.hibernate.Version [main] HHH000412: Hibernate ORM core version 5.6.11.Final
2022-10-23 10:26:57,345[INFO] org.hibernate.annotations.common.Version [main] HCANN000001: Hibernate Commons Annotations {5.1.2.Final}
2022-10-23 10:26:57,394[INFO] com.zaxxer.hikari.HikariDataSource [main] HikariPool-1 - Starting...
2022-10-23 10:26:57,727[INFO] com.zaxxer.hikari.HikariDataSource [main] HikariPool-1 - Start completed.
2022-10-23 10:26:57,744[INFO] org.hibernate.dialect.Dialect [main] HHH000400: Using dialect: org.hibernate.dialect.MySQL8Dialect
2022-10-23 10:26:58,120[INFO] org.hibernate.engine.transaction.jta.platform.internal.JtaPlatformInitiator [main] HHH000490: Using JtaPlatform implementation: [org.hibernate.engine.transaction.jta.platform.internal.NoJtaPlatform]
2022-10-23 10:26:58,127[INFO] org.springframework.orm.jpa.LocalContainerEntityManagerFactoryBean [main] Initialized JPA EntityManagerFactory for persistence unit 'default'
2022-10-23 10:26:58,409[WARN] org.springframework.boot.autoconfigure.orm.jpa.JpaBaseConfiguration$JpaWebConfiguration [main] spring.jpa.open-in-view is enabled by default. Therefore, database queries may be performed during view rendering. Explicitly configure spring.jpa.open-in-view to disable this warning
2022-10-23 10:26:58,856[INFO] org.springframework.boot.web.embedded.tomcat.TomcatWebServer [main] Tomcat started on port(s): 8080 (http) with context path ''
2022-10-23 10:26:58,878[INFO] testing.demo.DemoApplication [main] Started DemoApplication in 3.63 seconds (JVM running for 4.113)
2022-10-23 10:27:07,492[INFO] org.apache.catalina.core.ContainerBase.[Tomcat].[localhost].[/] [http-nio-8080-exec-2] Initializing Spring DispatcherServlet 'dispatcherServlet'
2022-10-23 10:27:07,495[INFO] org.springframework.web.servlet.DispatcherServlet [http-nio-8080-exec-2] Initializing Servlet 'dispatcherServlet'
2022-10-23 10:27:07,502[INFO] org.springframework.web.servlet.DispatcherServlet [http-nio-8080-exec-2] Completed initialization in 7 ms
2022-10-23 10:27:07,689[DEBUG] testing.demo.Service.myService [http-nio-8080-exec-2] ......tesing looging frameworkkk2
2022-10-23 10:32:16,297[INFO] org.springframework.boot.admin.SpringApplicationAdminMXBeanRegistrar$SpringApplicationAdmin [RMI TCP Connection(13)-127.0.0.1] Application shutdown requested.
2022-10-23 10:32:16,344[INFO] org.apache.catalina.core.StandardService [RMI TCP Connection(13)-127.0.0.1] Stopping service [Tomcat]
2022-10-23 10:32:16,348[INFO] org.apache.catalina.core.ContainerBase.[Tomcat].[localhost].[/] [RMI TCP Connection(13)-127.0.0.1] Destroying Spring FrameworkServlet 'dispatcherServlet'
2022-10-23 10:32:16,365[INFO] org.springframework.orm.jpa.LocalContainerEntityManagerFactoryBean [RMI TCP Connection(13)-127.0.0.1] Closing JPA EntityManagerFactory for persistence unit 'default'
2022-10-23 10:32:16,368[INFO] com.zaxxer.hikari.HikariDataSource [RMI TCP Connection(13)-127.0.0.1] HikariPool-1 - Shutdown initiated...
2022-10-23 10:32:16,381[INFO] com.zaxxer.hikari.HikariDataSource [RMI TCP Connection(13)-127.0.0.1] HikariPool-1 - Shutdown completed.
